<?xml version="1.0" encoding="UTF-8"?>
<testsuites name="TS01_Compare Product Price" time="84.111" tests="1" failures="0" errors="0">
   <testsuite name="TS01_Compare Product Price" tests="1" failures="0" errors="0" time="84.111" timestamp="2020-12-16 21:45:37" hostname="User-iMoney - 192.168.0.8" id="Test Suites/TS01_Compare Product Price">
      <properties>
         <property name="deviceName" value=""/>
         <property name="devicePlatform" value=""/>
         <property name="logFolder" value="D:\\Archana\\Automation_Randstad\\Reports\\20201216_214524\\TS01_Compare Product Price\\20201216_214524"/>
         <property name="logFiles" value="D:\\Archana\\Automation_Randstad\\Reports\\20201216_214524\\TS01_Compare Product Price\\20201216_214524\\execution0.log"/>
         <property name="attachments" value="D:\\Archana\\Automation_Randstad\\Reports\\20201216_214524\\TS01_Compare Product Price\\20201216_214524/videos\\test_1.avi"/>
         <property name="hostName" value="User-iMoney - 192.168.0.8"/>
         <property name="os" value="Windows 10 64bit"/>
         <property name="katalonVersion" value="7.2.1.1"/>
         <property name="browser" value="Chrome 87.0.4280.88"/>
         <property name="hostAddress" value="192.168.0.8"/>
         <property name="sessionId" value="d3ff7c5c6bcb77d80ee15180902d4c46"/>
         <property name="seleniumVersion" value="3.141.59"/>
         <property name="proxyInformation" value="ProxyInformation{proxyOption=NO_PROXY, proxyServerType=HTTP, password=, proxyServerAddress=, proxyServerPort=0, executionList=}"/>
         <property name="platform" value="Windows 10"/>
      </properties>
      <testcase name="Test Cases/TestCase_01_ComparePrice" time="71.039" classname="Test Cases/TestCase_01_ComparePrice" status="PASSED">
         <system-out><![CDATA[2020-12-16 21:45:45 - [TEST_CASE][PASSED] - Test Cases/TestCase_01_ComparePrice: Test Cases/TestCase_01_ComparePrice

2020-12-16 21:45:45 - [TEST_STEP][PASSED] - callTestCase(findTestCase("fnCommon/fn01_OpenBrowser_Navigate"), ["SiteURL":SiteURL1], STOP_ON_FAILURE): Call Test Case 'Test Cases/fnCommon/fn01_OpenBrowser_Navigate' successfully

2020-12-16 21:45:46 - [TEST_CASE][PASSED] - Test Cases/fnCommon/fn01_OpenBrowser_Navigate: Test Cases/fnCommon/fn01_OpenBrowser_Navigate

2020-12-16 21:45:46 - [TEST_STEP][PASSED] - openBrowser(""): Browser is opened with url: ''

2020-12-16 21:45:46 - [MESSAGE][WARNING] - A browser is already opened. Closing browser and opening a new one

2020-12-16 21:45:46 - [MESSAGE][INFO] - Starting 'Chrome' driver

2020-12-16 21:45:50 - [MESSAGE][PASSED] - Browser is opened with url: ''

2020-12-16 21:45:50 - [TEST_STEP][PASSED] - maximizeWindow(): Current window maximized

2020-12-16 21:45:52 - [MESSAGE][PASSED] - Current window maximized

2020-12-16 21:45:52 - [TEST_STEP][PASSED] - Thread.sleep(1000): null

2020-12-16 21:45:53 - [TEST_STEP][PASSED] - navigateToUrl(SiteURL): Navigate to 'https://www.amazon.com/' successfully

2020-12-16 21:46:03 - [MESSAGE][PASSED] - Navigate to 'https://www.amazon.com/' successfully

2020-12-16 21:46:03 - [TEST_STEP][PASSED] - Thread.sleep(1000): null

2020-12-16 21:46:04 - [MESSAGE][PASSED] - Call Test Case 'Test Cases/fnCommon/fn01_OpenBrowser_Navigate' successfully

2020-12-16 21:46:04 - [TEST_STEP][PASSED] - callTestCase(findTestCase("fnCommon/fn02_Product_from_Amazon"), [:], STOP_ON_FAILURE): Call Test Case 'Test Cases/fnCommon/fn02_Product_from_Amazon' successfully

2020-12-16 21:46:04 - [TEST_CASE][PASSED] - Test Cases/fnCommon/fn02_Product_from_Amazon: Test Cases/fnCommon/fn02_Product_from_Amazon

2020-12-16 21:46:04 - [TEST_STEP][PASSED] - setText(findTestObject("Page_Amazon/txt_Searchbox"), "iphone 11"): Text 'iphone 11' is set on object 'Object Repository/Page_Amazon/txt_Searchbox'

2020-12-16 21:46:06 - [MESSAGE][PASSED] - Text 'iphone 11' is set on object 'Object Repository/Page_Amazon/txt_Searchbox'

2020-12-16 21:46:06 - [TEST_STEP][PASSED] - click(findTestObject("Page_Amazon/btn_Searchicon")): Object: 'Object Repository/Page_Amazon/btn_Searchicon' is clicked on

2020-12-16 21:46:22 - [MESSAGE][PASSED] - Object: 'Object Repository/Page_Amazon/btn_Searchicon' is clicked on

2020-12-16 21:46:22 - [TEST_STEP][PASSED] - click(findTestObject("Page_Amazon/span_Apple iPhone11")): Object: 'Object Repository/Page_Amazon/span_Apple iPhone11' is clicked on

2020-12-16 21:46:27 - [MESSAGE][PASSED] - Object: 'Object Repository/Page_Amazon/span_Apple iPhone11' is clicked on

2020-12-16 21:46:27 - [TEST_STEP][PASSED] - sGetValue = getText(findTestObject("Page_Amazon/txt_ProductTitle")): Text of object 'Object Repository/Page_Amazon/txt_ProductTitle' is: 'Apple iPhone 11 Pro Max, 64GB, Midnight Green - Fully Unlocked (Renewed)'

2020-12-16 21:46:29 - [MESSAGE][PASSED] - Text of object 'Object Repository/Page_Amazon/txt_ProductTitle' is: 'Apple iPhone 11 Pro Max, 64GB, Midnight Green - Fully Unlocked (Renewed)'

2020-12-16 21:46:29 - [TEST_STEP][PASSED] - comment("Name of Website :- Amazon"): Name of Website :- Amazon

2020-12-16 21:46:29 - [MESSAGE][INFO] - Name of Website :- Amazon

2020-12-16 21:46:29 - [TEST_STEP][PASSED] - comment("Name of the product for Amazon :- " + sGetValue): Name of the product for Amazon :- Apple iPhone 11 Pro Max, 64GB, Midnight Green - Fully Unlocked (Renewed)

2020-12-16 21:46:29 - [MESSAGE][INFO] - Name of the product for Amazon :- Apple iPhone 11 Pro Max, 64GB, Midnight Green - Fully Unlocked (Renewed)

2020-12-16 21:46:29 - [TEST_STEP][PASSED] - println("Name of Website :- Amazon"): null

2020-12-16 21:46:29 - [TEST_STEP][PASSED] - println("Name of the product for Amazon :- " + sGetValue): null

2020-12-16 21:46:29 - [TEST_STEP][PASSED] - sGetPrice = getText(findTestObject("Page_Amazon/txt_Price")): Text of object 'Object Repository/Page_Amazon/txt_Price' is: '$838.12'

2020-12-16 21:46:29 - [MESSAGE][PASSED] - Text of object 'Object Repository/Page_Amazon/txt_Price' is: '$838.12'

2020-12-16 21:46:29 - [TEST_STEP][PASSED] - comment("Price of the product for Amazon :- " + sGetPrice): Price of the product for Amazon :- $838.12

2020-12-16 21:46:29 - [MESSAGE][INFO] - Price of the product for Amazon :- $838.12

2020-12-16 21:46:29 - [TEST_STEP][PASSED] - println("Price of the product for Amazon :- " + sGetPrice): null

2020-12-16 21:46:29 - [TEST_STEP][PASSED] - Price_amazon = sGetPrice: null

2020-12-16 21:46:29 - [TEST_STEP][PASSED] - sGetLink = getUrl(): Current window's url is: 'https://www.amazon.com/Apple-iPhone-64GB-Midnight-Green/dp/B07ZQS6LPZ/ref=sr_1_2?dchild=1&keywords=iphone+11&qid=1608126368&sr=8-2'

2020-12-16 21:46:29 - [MESSAGE][PASSED] - Current window's url is: 'https://www.amazon.com/Apple-iPhone-64GB-Midnight-Green/dp/B07ZQS6LPZ/ref=sr_1_2?dchild=1&keywords=iphone+11&qid=1608126368&sr=8-2'

2020-12-16 21:46:29 - [TEST_STEP][PASSED] - comment("Link for the product for Amazon :- " + sGetLink): Link for the product for Amazon :- https://www.amazon.com/Apple-iPhone-64GB-Midnight-Green/dp/B07ZQS6LPZ/ref=sr_1_2?dchild=1&keywords=iphone+11&qid=1608126368&sr=8-2

2020-12-16 21:46:29 - [MESSAGE][INFO] - Link for the product for Amazon :- https://www.amazon.com/Apple-iPhone-64GB-Midnight-Green/dp/B07ZQS6LPZ/ref=sr_1_2?dchild=1&keywords=iphone+11&qid=1608126368&sr=8-2

2020-12-16 21:46:29 - [TEST_STEP][PASSED] - println("Link for the product for Amazon :- " + sGetLink): null

2020-12-16 21:46:29 - [TEST_STEP][PASSED] - closeBrowser(): Browser is closed

2020-12-16 21:46:30 - [MESSAGE][PASSED] - Browser is closed

2020-12-16 21:46:30 - [MESSAGE][PASSED] - Call Test Case 'Test Cases/fnCommon/fn02_Product_from_Amazon' successfully

2020-12-16 21:46:30 - [TEST_STEP][PASSED] - callTestCase(findTestCase("fnCommon/fn01_OpenBrowser_Navigate"), ["SiteURL":SiteURL2], STOP_ON_FAILURE): Call Test Case 'Test Cases/fnCommon/fn01_OpenBrowser_Navigate' successfully

2020-12-16 21:46:30 - [TEST_CASE][PASSED] - Test Cases/fnCommon/fn01_OpenBrowser_Navigate: Test Cases/fnCommon/fn01_OpenBrowser_Navigate

2020-12-16 21:46:30 - [TEST_STEP][PASSED] - openBrowser(""): Browser is opened with url: ''

2020-12-16 21:46:30 - [MESSAGE][INFO] - Starting 'Chrome' driver

2020-12-16 21:46:33 - [MESSAGE][PASSED] - Browser is opened with url: ''

2020-12-16 21:46:33 - [TEST_STEP][PASSED] - maximizeWindow(): Current window maximized

2020-12-16 21:46:36 - [MESSAGE][PASSED] - Current window maximized

2020-12-16 21:46:36 - [TEST_STEP][PASSED] - Thread.sleep(1000): null

2020-12-16 21:46:37 - [TEST_STEP][PASSED] - navigateToUrl(SiteURL): Navigate to 'https://www.ebay.com/' successfully

2020-12-16 21:46:39 - [MESSAGE][PASSED] - Navigate to 'https://www.ebay.com/' successfully

2020-12-16 21:46:39 - [TEST_STEP][PASSED] - Thread.sleep(1000): null

2020-12-16 21:46:40 - [MESSAGE][PASSED] - Call Test Case 'Test Cases/fnCommon/fn01_OpenBrowser_Navigate' successfully

2020-12-16 21:46:40 - [TEST_STEP][PASSED] - callTestCase(findTestCase("fnCommon/fn03_Product_from_ebay"), [:], STOP_ON_FAILURE): Call Test Case 'Test Cases/fnCommon/fn03_Product_from_ebay' successfully

2020-12-16 21:46:40 - [TEST_CASE][PASSED] - Test Cases/fnCommon/fn03_Product_from_ebay: Test Cases/fnCommon/fn03_Product_from_ebay

2020-12-16 21:46:41 - [TEST_STEP][PASSED] - setText(findTestObject("Page_eBay/txt_Search_ebay"), "iphone 11"): Text 'iphone 11' is set on object 'Object Repository/Page_eBay/txt_Search_ebay'

2020-12-16 21:46:41 - [MESSAGE][PASSED] - Text 'iphone 11' is set on object 'Object Repository/Page_eBay/txt_Search_ebay'

2020-12-16 21:46:41 - [TEST_STEP][PASSED] - click(findTestObject("Page_eBay/btn_Search_ebay")): Object: 'Object Repository/Page_eBay/btn_Search_ebay' is clicked on

2020-12-16 21:46:46 - [MESSAGE][PASSED] - Object: 'Object Repository/Page_eBay/btn_Search_ebay' is clicked on

2020-12-16 21:46:46 - [TEST_STEP][PASSED] - click(findTestObject("Page_eBay/link_product")): Object: 'Object Repository/Page_eBay/link_product' is clicked on

2020-12-16 21:46:49 - [MESSAGE][PASSED] - Object: 'Object Repository/Page_eBay/link_product' is clicked on

2020-12-16 21:46:49 - [TEST_STEP][PASSED] - sGetValue = getText(findTestObject("Page_eBay/txt_Productname")): Text of object 'Object Repository/Page_eBay/txt_Productname' is: 'Apple iPhone 11 Pro Max - 256GB - Gold A2161 (CDMA + GSM)'

2020-12-16 21:46:52 - [MESSAGE][PASSED] - Text of object 'Object Repository/Page_eBay/txt_Productname' is: 'Apple iPhone 11 Pro Max - 256GB - Gold A2161 (CDMA + GSM)'

2020-12-16 21:46:52 - [TEST_STEP][PASSED] - comment("Name of Website :- ebay"): Name of Website :- ebay

2020-12-16 21:46:52 - [MESSAGE][INFO] - Name of Website :- ebay

2020-12-16 21:46:52 - [TEST_STEP][PASSED] - comment("Name of the product for ebay :- " + sGetValue): Name of the product for ebay :- Apple iPhone 11 Pro Max - 256GB - Gold A2161 (CDMA + GSM)

2020-12-16 21:46:52 - [MESSAGE][INFO] - Name of the product for ebay :- Apple iPhone 11 Pro Max - 256GB - Gold A2161 (CDMA + GSM)

2020-12-16 21:46:52 - [TEST_STEP][PASSED] - println("Name of Website :- ebay"): null

2020-12-16 21:46:52 - [TEST_STEP][PASSED] - println("Name of the product for ebay :- " + sGetValue): null

2020-12-16 21:46:52 - [TEST_STEP][PASSED] - sGetPrice = getText(findTestObject("Page_eBay/txt_productprice")): Text of object 'Object Repository/Page_eBay/txt_productprice' is: 'US $650.00'

2020-12-16 21:46:53 - [MESSAGE][PASSED] - Text of object 'Object Repository/Page_eBay/txt_productprice' is: 'US $650.00'

2020-12-16 21:46:53 - [TEST_STEP][PASSED] - comment("Price of the product for ebay :- " + sGetPrice): Price of the product for ebay :- US $650.00

2020-12-16 21:46:53 - [MESSAGE][INFO] - Price of the product for ebay :- US $650.00

2020-12-16 21:46:53 - [TEST_STEP][PASSED] - println("Price of the product for ebay :- " + sGetPrice): null

2020-12-16 21:46:53 - [TEST_STEP][PASSED] - Price_ebay = sGetPrice: null

2020-12-16 21:46:53 - [TEST_STEP][PASSED] - sGetLink = getUrl(): Current window's url is: 'https://www.ebay.com/itm/Apple-iPhone-11-Pro-Max-256GB-Gold-A2161-CDMA-GSM/274610973194?epid=22034217307&hash=item3ff016ea0a:g:VjgAAOSwcmVfv0Oz'

2020-12-16 21:46:53 - [MESSAGE][PASSED] - Current window's url is: 'https://www.ebay.com/itm/Apple-iPhone-11-Pro-Max-256GB-Gold-A2161-CDMA-GSM/274610973194?epid=22034217307&hash=item3ff016ea0a:g:VjgAAOSwcmVfv0Oz'

2020-12-16 21:46:53 - [TEST_STEP][PASSED] - comment("Link for the product for ebay :- " + sGetLink): Link for the product for ebay :- https://www.ebay.com/itm/Apple-iPhone-11-Pro-Max-256GB-Gold-A2161-CDMA-GSM/274610973194?epid=22034217307&hash=item3ff016ea0a:g:VjgAAOSwcmVfv0Oz

2020-12-16 21:46:53 - [MESSAGE][INFO] - Link for the product for ebay :- https://www.ebay.com/itm/Apple-iPhone-11-Pro-Max-256GB-Gold-A2161-CDMA-GSM/274610973194?epid=22034217307&hash=item3ff016ea0a:g:VjgAAOSwcmVfv0Oz

2020-12-16 21:46:53 - [TEST_STEP][PASSED] - println("Link for the product for ebay :- " + sGetLink): null

2020-12-16 21:46:53 - [TEST_STEP][PASSED] - closeBrowser(): Browser is closed

2020-12-16 21:46:54 - [MESSAGE][PASSED] - Browser is closed

2020-12-16 21:46:54 - [MESSAGE][PASSED] - Call Test Case 'Test Cases/fnCommon/fn03_Product_from_ebay' successfully

2020-12-16 21:46:54 - [TEST_STEP][PASSED] - callTestCase(findTestCase("fnCommon/fn04_ComparePrice"), [:], STOP_ON_FAILURE): Call Test Case 'Test Cases/fnCommon/fn04_ComparePrice' successfully

2020-12-16 21:46:54 - [TEST_CASE][PASSED] - Test Cases/fnCommon/fn04_ComparePrice: Test Cases/fnCommon/fn04_ComparePrice

2020-12-16 21:46:54 - [TEST_STEP][PASSED] - priceAmazon = Price_amazon.split("\$"): null

2020-12-16 21:46:54 - [TEST_STEP][PASSED] - priceebay = Price_ebay.split("\$"): null

2020-12-16 21:46:54 - [TEST_STEP][PASSED] - comment("Price of product at Amazon  :-" + priceAmazon[1]): Price of product at Amazon  :-838.12

2020-12-16 21:46:54 - [MESSAGE][INFO] - Price of product at Amazon  :-838.12

2020-12-16 21:46:54 - [TEST_STEP][PASSED] - println(priceAmazon[1]): null

2020-12-16 21:46:54 - [TEST_STEP][PASSED] - comment("Price of product at ebay :-" + priceebay[1]): Price of product at ebay :-650.00

2020-12-16 21:46:54 - [MESSAGE][INFO] - Price of product at ebay :-650.00

2020-12-16 21:46:54 - [TEST_STEP][PASSED] - println(priceebay[1]): null

2020-12-16 21:46:54 - [TEST_STEP][PASSED] - priceeAmazonNew = Float.parseFloat(priceAmazon[1]): null

2020-12-16 21:46:54 - [TEST_STEP][PASSED] - priceebayNew = Float.parseFloat(priceebay[1]): null

2020-12-16 21:46:54 - [TEST_STEP][PASSED] - if (priceeAmazonNew < priceebayNew): null

2020-12-16 21:46:54 - [TEST_STEP][PASSED] - else: null

2020-12-16 21:46:54 - [TEST_STEP][PASSED] - markPassed("ebay has lesser price value for product than Amazon"): ebay has lesser price value for product than Amazon

2020-12-16 21:46:54 - [MESSAGE][PASSED] - ebay has lesser price value for product than Amazon

2020-12-16 21:46:54 - [TEST_STEP][PASSED] - markPassed("1. ebay price value for product :- " + Price_ebay): 1. ebay price value for product :- US $650.00

2020-12-16 21:46:54 - [MESSAGE][PASSED] - 1. ebay price value for product :- US $650.00

2020-12-16 21:46:54 - [TEST_STEP][PASSED] - markPassed("2. Amazon price value for product :- " + Price_amazon): 2. Amazon price value for product :- $838.12

2020-12-16 21:46:54 - [MESSAGE][PASSED] - 2. Amazon price value for product :- $838.12

2020-12-16 21:46:54 - [TEST_STEP][PASSED] - println("ebay has lesser price value for product than Amazon"): null

2020-12-16 21:46:54 - [TEST_STEP][PASSED] - println("1. ebay price value for product :- " + Price_ebay): null

2020-12-16 21:46:54 - [TEST_STEP][PASSED] - println("2. Amazon price value for product :- " + Price_amazon): null

2020-12-16 21:46:54 - [MESSAGE][PASSED] - Call Test Case 'Test Cases/fnCommon/fn04_ComparePrice' successfully

2020-12-16 21:46:56 - [TEST_STEP][PASSED] - Video: Video recording for test case 'Test Cases/TestCase_01_ComparePrice' .

2020-12-16 21:46:56 - [MESSAGE][INFO] - Video recording for test case 'Test Cases/TestCase_01_ComparePrice' .
[[ATTACHMENT|D:\\Archana\\Automation_Randstad\\Reports\\20201216_214524\\TS01_Compare Product Price\\20201216_214524/videos\\test_1.avi]]]]></system-out>
         <system-err><![CDATA[]]></system-err>
      </testcase>
      <system-out><![CDATA[2020-12-16 21:45:37 - [TEST_SUITE][PASSED] - TS01_Compare Product Price: Test Cases/TestCase_01_ComparePrice]]></system-out>
      <system-err><![CDATA[]]></system-err>
   </testsuite>
</testsuites>
